[2016-11-07 17:46:51] local.ERROR: Doctrine\DBAL\Driver\PDOException: SQLSTATE[HY000] [1045] Access denied for user 'ethersmine_web'@'localhost' (using password: YES) in /var/www/html/ethersmine/web/vendor/doctrine/dbal/lib/Doctrine/DBAL/Driver/PDOConnection.php:47
Stack trace:
#0 /var/www/html/ethersmine/web/vendor/laravel/framework/src/Illuminate/Database/Connectors/Connector.php(116): Doctrine\DBAL\Driver\PDOConnection->__construct('mysql:host=loca...', 'ethersmine_web', 'hnd2wtDVjGXen2M...', Array)
#1 /var/www/html/ethersmine/web/vendor/laravel/framework/src/Illuminate/Database/Connectors/Connector.php(56): Illuminate\Database\Connectors\Connector->createPdoConnection('mysql:host=loca...', 'ethersmine_web', 'hnd2wtDVjGXen2M...', Array)
#2 /var/www/html/ethersmine/web/vendor/laravel/framework/src/Illuminate/Database/Connectors/MySqlConnector.php(24): Illuminate\Database\Connectors\Connector->createConnection('mysql:host=loca...', Array, Array)
#3 /var/www/html/ethersmine/web/vendor/laravel/framework/src/Illuminate/Database/Connectors/ConnectionFactory.php(100): Illuminate\Database\Connectors\MySqlConnector->connect(Array)
#4 [internal function]: Illuminate\Database\Connectors\ConnectionFactory->Illuminate\Database\Connectors\{closure}()
#5 /var/www/html/ethersmine/web/vendor/laravel/framework/src/Illuminate/Database/Connection.php(964): call_user_func(Object(Closure))
#6 /var/www/html/ethersmine/web/vendor/laravel/framework/src/Illuminate/Database/Connection.php(832): Illuminate\Database\Connection->getPdo()
#7 /var/www/html/ethersmine/web/vendor/laravel/framework/src/Illuminate/Database/Connection.php(717): Illuminate\Database\Connection->reconnectIfMissingConnection()
#8 /var/www/html/ethersmine/web/vendor/laravel/framework/src/Illuminate/Database/Connection.php(350): Illuminate\Database\Connection->run('select * from `...', Array, Object(Closure))
#9 /var/www/html/ethersmine/web/vendor/laravel/framework/src/Illuminate/Database/Query/Builder.php(1648): Illuminate\Database\Connection->select('select * from `...', Array, true)
#10 /var/www/html/ethersmine/web/vendor/laravel/framework/src/Illuminate/Database/Query/Builder.php(1634): Illuminate\Database\Query\Builder->runSelect()
#11 /var/www/html/ethersmine/web/vendor/laravel/framework/src/Illuminate/Database/Eloquent/Builder.php(629): Illuminate\Database\Query\Builder->get(Array)
#12 /var/www/html/ethersmine/web/vendor/laravel/framework/src/Illuminate/Database/Eloquent/Builder.php(324): Illuminate\Database\Eloquent\Builder->getModels(Array)
#13 /var/www/html/ethersmine/web/vendor/laravel/framework/src/Illuminate/Database/Eloquent/Builder.php(294): Illuminate\Database\Eloquent\Builder->get(Array)
#14 [internal function]: Illuminate\Database\Eloquent\Builder->first()
#15 /var/www/html/ethersmine/web/vendor/laravel/framework/src/Illuminate/Database/Eloquent/Model.php(3524): call_user_func_array(Array, Array)
#16 [internal function]: Illuminate\Database\Eloquent\Model->__call('first', Array)
#17 /var/www/html/ethersmine/web/vendor/laravel/framework/src/Illuminate/Database/Eloquent/Model.php(3538): call_user_func_array(Array, Array)
#18 /var/www/html/ethersmine/web/app/Models/AppModel.php(68): Illuminate\Database\Eloquent\Model::__callStatic('first', Array)
#19 /var/www/html/ethersmine/web/routes/web.php(15): App\Models\AppModel->setSeoDefault()
#20 /var/www/html/ethersmine/web/vendor/laravel/framework/src/Illuminate/Routing/Route.php(176): App\Providers\RouteServiceProvider->{closure}(Object(App\Models\AppModel))
#21 /var/www/html/ethersmine/web/vendor/laravel/framework/src/Illuminate/Routing/Route.php(147): Illuminate\Routing\Route->runCallable()
#22 /var/www/html/ethersmine/web/vendor/laravel/framework/src/Illuminate/Routing/Router.php(642): Illuminate\Routing\Route->run(Object(Illuminate\Http\Request))
#23 /var/www/html/ethersmine/web/vendor/laravel/framework/src/Illuminate/Routing/Pipeline.php(53): Illuminate\Routing\Router->Illuminate\Routing\{closure}(Object(Illuminate\Http\Request))
#24 /var/www/html/ethersmine/web/vendor/laravel/framework/src/Illuminate/Routing/Middleware/SubstituteBindings.php(41): Illuminate\Routing\Pipeline->Illuminate\Routing\{closure}(Object(Illuminate\Http\Request))
#25 /var/www/html/ethersmine/web/vendor/laravel/framework/src/Illuminate/Pipeline/Pipeline.php(137): Illuminate\Routing\Middleware\SubstituteBindings->handle(Object(Illuminate\Http\Request), Object(Closure))
#26 /var/www/html/ethersmine/web/vendor/laravel/framework/src/Illuminate/Routing/Pipeline.php(33): Illuminate\Pipeline\Pipeline->Illuminate\Pipeline\{closure}(Object(Illuminate\Http\Request))
#27 /var/www/html/ethersmine/web/vendor/laravel/framework/src/Illuminate/Foundation/Http/Middleware/VerifyCsrfToken.php(65): Illuminate\Routing\Pipeline->Illuminate\Routing\{closure}(Object(Illuminate\Http\Request))
#28 /var/www/html/ethersmine/web/vendor/laravel/framework/src/Illuminate/Pipeline/Pipeline.php(137): Illuminate\Foundation\Http\Middleware\VerifyCsrfToken->handle(Object(Illuminate\Http\Request), Object(Closure))
#29 /var/www/html/ethersmine/web/vendor/laravel/framework/src/Illuminate/Routing/Pipeline.php(33): Illuminate\Pipeline\Pipeline->Illuminate\Pipeline\{closure}(Object(Illuminate\Http\Request))
#30 /var/www/html/ethersmine/web/vendor/laravel/framework/src/Illuminate/View/Middleware/ShareErrorsFromSession.php(49): Illuminate\Routing\Pipeline->Illuminate\Routing\{closure}(Object(Illuminate\Http\Request))
#31 /var/www/html/ethersmine/web/vendor/laravel/framework/src/Illuminate/Pipeline/Pipeline.php(137): Illuminate\View\Middleware\ShareErrorsFromSession->handle(Object(Illuminate\Http\Request), Object(Closure))
#32 /var/www/html/ethersmine/web/vendor/laravel/framework/src/Illuminate/Routing/Pipeline.php(33): Illuminate\Pipeline\Pipeline->Illuminate\Pipeline\{closure}(Object(Illuminate\Http\Request))
#33 /var/www/html/ethersmine/web/vendor/laravel/framework/src/Illuminate/Session/Middleware/StartSession.php(64): Illuminate\Routing\Pipeline->Illuminate\Routing\{closure}(Object(Illuminate\Http\Request))
#34 /var/www/html/ethersmine/web/vendor/laravel/framework/src/Illuminate/Pipeline/Pipeline.php(137): Illuminate\Session\Middleware\StartSession->handle(Object(Illuminate\Http\Request), Object(Closure))
#35 /var/www/html/ethersmine/web/vendor/laravel/framework/src/Illuminate/Routing/Pipeline.php(33): Illuminate\Pipeline\Pipeline->Illuminate\Pipeline\{closure}(Object(Illuminate\Http\Request))
#36 /var/www/html/ethersmine/web/vendor/laravel/framework/src/Illuminate/Cookie/Middleware/AddQueuedCookiesToResponse.php(37): Illuminate\Routing\Pipeline->Illuminate\Routing\{closure}(Object(Illuminate\Http\Request))
#37 /var/www/html/ethersmine/web/vendor/laravel/framework/src/Illuminate/Pipeline/Pipeline.php(137): Illuminate\Cookie\Middleware\AddQueuedCookiesToResponse->handle(Object(Illuminate\Http\Request), Object(Closure))
#38 /var/www/html/ethersmine/web/vendor/laravel/framework/src/Illuminate/Routing/Pipeline.php(33): Illuminate\Pipeline\Pipeline->Illuminate\Pipeline\{closure}(Object(Illuminate\Http\Request))
#39 /var/www/html/ethersmine/web/vendor/laravel/framework/src/Illuminate/Cookie/Middleware/EncryptCookies.php(59): Illuminate\Routing\Pipeline->Illuminate\Routing\{closure}(Object(Illuminate\Http\Request))
#40 /var/www/html/ethersmine/web/vendor/laravel/framework/src/Illuminate/Pipeline/Pipeline.php(137): Illuminate\Cookie\Middleware\EncryptCookies->handle(Object(Illuminate\Http\Request), Object(Closure))
#41 /var/www/html/ethersmine/web/vendor/laravel/framework/src/Illuminate/Routing/Pipeline.php(33): Illuminate\Pipeline\Pipeline->Illuminate\Pipeline\{closure}(Object(Illuminate\Http\Request))
#42 /var/www/html/ethersmine/web/vendor/laravel/framework/src/Illuminate/Pipeline/Pipeline.php(104): Illuminate\Routing\Pipeline->Illuminate\Routing\{closure}(Object(Illuminate\Http\Request))
#43 /var/www/html/ethersmine/web/vendor/laravel/framework/src/Illuminate/Routing/Router.php(644): Illuminate\Pipeline\Pipeline->then(Object(Closure))
#44 /var/www/html/ethersmine/web/vendor/laravel/framework/src/Illuminate/Routing/Router.php(618): Illuminate\Routing\Router->runRouteWithinStack(Object(Illuminate\Routing\Route), Object(Illuminate\Http\Request))
#45 /var/www/html/ethersmine/web/vendor/laravel/framework/src/Illuminate/Routing/Router.php(596): Illuminate\Routing\Router->dispatchToRoute(Object(Illuminate\Http\Request))
#46 /var/www/html/ethersmine/web/vendor/laravel/framework/src/Illuminate/Foundation/Http/Kernel.php(267): Illuminate\Routing\Router->dispatch(Object(Illuminate\Http\Request))
#47 /var/www/html/ethersmine/web/vendor/laravel/framework/src/Illuminate/Routing/Pipeline.php(53): Illuminate\Foundation\Http\Kernel->Illuminate\Foundation\Http\{closure}(Object(Illuminate\Http\Request))
#48 /var/www/html/ethersmine/web/vendor/barryvdh/laravel-debugbar/src/Middleware/Debugbar.php(51): Illuminate\Routing\Pipeline->Illuminate\Routing\{closure}(Object(Illuminate\Http\Request))
#49 /var/www/html/ethersmine/web/vendor/laravel/framework/src/Illuminate/Pipeline/Pipeline.php(137): Barryvdh\Debugbar\Middleware\Debugbar->handle(Object(Illuminate\Http\Request), Object(Closure))
#50 /var/www/html/ethersmine/web/vendor/laravel/framework/src/Illuminate/Routing/Pipeline.php(33): Illuminate\Pipeline\Pipeline->Illuminate\Pipeline\{closure}(Object(Illuminate\Http\Request))
#51 /var/www/html/ethersmine/web/vendor/laravel/framework/src/Illuminate/Foundation/Http/Middleware/CheckForMaintenanceMode.php(46): Illuminate\Routing\Pipeline->Illuminate\Routing\{closure}(Object(Illuminate\Http\Request))
#52 /var/www/html/ethersmine/web/vendor/laravel/framework/src/Illuminate/Pipeline/Pipeline.php(137): Illuminate\Foundation\Http\Middleware\CheckForMaintenanceMode->handle(Object(Illuminate\Http\Request), Object(Closure))
#53 /var/www/html/ethersmine/web/vendor/laravel/framework/src/Illuminate/Routing/Pipeline.php(33): Illuminate\Pipeline\Pipeline->Illuminate\Pipeline\{closure}(Object(Illuminate\Http\Request))
#54 /var/www/html/ethersmine/web/vendor/laravel/framework/src/Illuminate/Pipeline/Pipeline.php(104): Illuminate\Routing\Pipeline->Illuminate\Routing\{closure}(Object(Illuminate\Http\Request))
#55 /var/www/html/ethersmine/web/vendor/laravel/framework/src/Illuminate/Foundation/Http/Kernel.php(149): Illuminate\Pipeline\Pipeline->then(Object(Closure))
#56 /var/www/html/ethersmine/web/vendor/laravel/framework/src/Illuminate/Foundation/Http/Kernel.php(116): Illuminate\Foundation\Http\Kernel->sendRequestThroughRouter(Object(Illuminate\Http\Request))
#57 /var/www/html/ethersmine/web/public/index.php(53): Illuminate\Foundation\Http\Kernel->handle(Object(Illuminate\Http\Request))
#58 {main}  
[2016-11-07 17:48:51] local.ERROR: Doctrine\DBAL\Driver\PDOException: SQLSTATE[HY000] [1045] Access denied for user 'ethersmine_web'@'localhost' (using password: YES) in /var/www/html/ethersmine/web/vendor/doctrine/dbal/lib/Doctrine/DBAL/Driver/PDOConnection.php:47
Stack trace:
#0 /var/www/html/ethersmine/web/vendor/laravel/framework/src/Illuminate/Database/Connectors/Connector.php(116): Doctrine\DBAL\Driver\PDOConnection->__construct('mysql:host=loca...', 'ethersmine_web', 'hnd2wtDVjGXen2M...', Array)
#1 /var/www/html/ethersmine/web/vendor/laravel/framework/src/Illuminate/Database/Connectors/Connector.php(56): Illuminate\Database\Connectors\Connector->createPdoConnection('mysql:host=loca...', 'ethersmine_web', 'hnd2wtDVjGXen2M...', Array)
#2 /var/www/html/ethersmine/web/vendor/laravel/framework/src/Illuminate/Database/Connectors/MySqlConnector.php(24): Illuminate\Database\Connectors\Connector->createConnection('mysql:host=loca...', Array, Array)
#3 /var/www/html/ethersmine/web/vendor/laravel/framework/src/Illuminate/Database/Connectors/ConnectionFactory.php(100): Illuminate\Database\Connectors\MySqlConnector->connect(Array)
#4 [internal function]: Illuminate\Database\Connectors\ConnectionFactory->Illuminate\Database\Connectors\{closure}()
#5 /var/www/html/ethersmine/web/vendor/laravel/framework/src/Illuminate/Database/Connection.php(964): call_user_func(Object(Closure))
#6 /var/www/html/ethersmine/web/vendor/laravel/framework/src/Illuminate/Database/Connection.php(832): Illuminate\Database\Connection->getPdo()
#7 /var/www/html/ethersmine/web/vendor/laravel/framework/src/Illuminate/Database/Connection.php(717): Illuminate\Database\Connection->reconnectIfMissingConnection()
#8 /var/www/html/ethersmine/web/vendor/laravel/framework/src/Illuminate/Database/Connection.php(350): Illuminate\Database\Connection->run('select * from `...', Array, Object(Closure))
#9 /var/www/html/ethersmine/web/vendor/laravel/framework/src/Illuminate/Database/Query/Builder.php(1648): Illuminate\Database\Connection->select('select * from `...', Array, true)
#10 /var/www/html/ethersmine/web/vendor/laravel/framework/src/Illuminate/Database/Query/Builder.php(1634): Illuminate\Database\Query\Builder->runSelect()
#11 /var/www/html/ethersmine/web/vendor/laravel/framework/src/Illuminate/Database/Eloquent/Builder.php(629): Illuminate\Database\Query\Builder->get(Array)
#12 /var/www/html/ethersmine/web/vendor/laravel/framework/src/Illuminate/Database/Eloquent/Builder.php(324): Illuminate\Database\Eloquent\Builder->getModels(Array)
#13 /var/www/html/ethersmine/web/vendor/laravel/framework/src/Illuminate/Database/Eloquent/Builder.php(294): Illuminate\Database\Eloquent\Builder->get(Array)
#14 [internal function]: Illuminate\Database\Eloquent\Builder->first()
#15 /var/www/html/ethersmine/web/vendor/laravel/framework/src/Illuminate/Database/Eloquent/Model.php(3524): call_user_func_array(Array, Array)
#16 [internal function]: Illuminate\Database\Eloquent\Model->__call('first', Array)
#17 /var/www/html/ethersmine/web/vendor/laravel/framework/src/Illuminate/Database/Eloquent/Model.php(3538): call_user_func_array(Array, Array)
#18 /var/www/html/ethersmine/web/app/Models/AppModel.php(68): Illuminate\Database\Eloquent\Model::__callStatic('first', Array)
#19 /var/www/html/ethersmine/web/routes/web.php(15): App\Models\AppModel->setSeoDefault()
#20 /var/www/html/ethersmine/web/vendor/laravel/framework/src/Illuminate/Routing/Route.php(176): App\Providers\RouteServiceProvider->{closure}(Object(App\Models\AppModel))
#21 /var/www/html/ethersmine/web/vendor/laravel/framework/src/Illuminate/Routing/Route.php(147): Illuminate\Routing\Route->runCallable()
#22 /var/www/html/ethersmine/web/vendor/laravel/framework/src/Illuminate/Routing/Router.php(642): Illuminate\Routing\Route->run(Object(Illuminate\Http\Request))
#23 /var/www/html/ethersmine/web/vendor/laravel/framework/src/Illuminate/Routing/Pipeline.php(53): Illuminate\Routing\Router->Illuminate\Routing\{closure}(Object(Illuminate\Http\Request))
#24 /var/www/html/ethersmine/web/vendor/laravel/framework/src/Illuminate/Routing/Middleware/SubstituteBindings.php(41): Illuminate\Routing\Pipeline->Illuminate\Routing\{closure}(Object(Illuminate\Http\Request))
#25 /var/www/html/ethersmine/web/vendor/laravel/framework/src/Illuminate/Pipeline/Pipeline.php(137): Illuminate\Routing\Middleware\SubstituteBindings->handle(Object(Illuminate\Http\Request), Object(Closure))
#26 /var/www/html/ethersmine/web/vendor/laravel/framework/src/Illuminate/Routing/Pipeline.php(33): Illuminate\Pipeline\Pipeline->Illuminate\Pipeline\{closure}(Object(Illuminate\Http\Request))
#27 /var/www/html/ethersmine/web/vendor/laravel/framework/src/Illuminate/Foundation/Http/Middleware/VerifyCsrfToken.php(65): Illuminate\Routing\Pipeline->Illuminate\Routing\{closure}(Object(Illuminate\Http\Request))
#28 /var/www/html/ethersmine/web/vendor/laravel/framework/src/Illuminate/Pipeline/Pipeline.php(137): Illuminate\Foundation\Http\Middleware\VerifyCsrfToken->handle(Object(Illuminate\Http\Request), Object(Closure))
#29 /var/www/html/ethersmine/web/vendor/laravel/framework/src/Illuminate/Routing/Pipeline.php(33): Illuminate\Pipeline\Pipeline->Illuminate\Pipeline\{closure}(Object(Illuminate\Http\Request))
#30 /var/www/html/ethersmine/web/vendor/laravel/framework/src/Illuminate/View/Middleware/ShareErrorsFromSession.php(49): Illuminate\Routing\Pipeline->Illuminate\Routing\{closure}(Object(Illuminate\Http\Request))
#31 /var/www/html/ethersmine/web/vendor/laravel/framework/src/Illuminate/Pipeline/Pipeline.php(137): Illuminate\View\Middleware\ShareErrorsFromSession->handle(Object(Illuminate\Http\Request), Object(Closure))
#32 /var/www/html/ethersmine/web/vendor/laravel/framework/src/Illuminate/Routing/Pipeline.php(33): Illuminate\Pipeline\Pipeline->Illuminate\Pipeline\{closure}(Object(Illuminate\Http\Request))
#33 /var/www/html/ethersmine/web/vendor/laravel/framework/src/Illuminate/Session/Middleware/StartSession.php(64): Illuminate\Routing\Pipeline->Illuminate\Routing\{closure}(Object(Illuminate\Http\Request))
#34 /var/www/html/ethersmine/web/vendor/laravel/framework/src/Illuminate/Pipeline/Pipeline.php(137): Illuminate\Session\Middleware\StartSession->handle(Object(Illuminate\Http\Request), Object(Closure))
#35 /var/www/html/ethersmine/web/vendor/laravel/framework/src/Illuminate/Routing/Pipeline.php(33): Illuminate\Pipeline\Pipeline->Illuminate\Pipeline\{closure}(Object(Illuminate\Http\Request))
#36 /var/www/html/ethersmine/web/vendor/laravel/framework/src/Illuminate/Cookie/Middleware/AddQueuedCookiesToResponse.php(37): Illuminate\Routing\Pipeline->Illuminate\Routing\{closure}(Object(Illuminate\Http\Request))
#37 /var/www/html/ethersmine/web/vendor/laravel/framework/src/Illuminate/Pipeline/Pipeline.php(137): Illuminate\Cookie\Middleware\AddQueuedCookiesToResponse->handle(Object(Illuminate\Http\Request), Object(Closure))
#38 /var/www/html/ethersmine/web/vendor/laravel/framework/src/Illuminate/Routing/Pipeline.php(33): Illuminate\Pipeline\Pipeline->Illuminate\Pipeline\{closure}(Object(Illuminate\Http\Request))
#39 /var/www/html/ethersmine/web/vendor/laravel/framework/src/Illuminate/Cookie/Middleware/EncryptCookies.php(59): Illuminate\Routing\Pipeline->Illuminate\Routing\{closure}(Object(Illuminate\Http\Request))
#40 /var/www/html/ethersmine/web/vendor/laravel/framework/src/Illuminate/Pipeline/Pipeline.php(137): Illuminate\Cookie\Middleware\EncryptCookies->handle(Object(Illuminate\Http\Request), Object(Closure))
#41 /var/www/html/ethersmine/web/vendor/laravel/framework/src/Illuminate/Routing/Pipeline.php(33): Illuminate\Pipeline\Pipeline->Illuminate\Pipeline\{closure}(Object(Illuminate\Http\Request))
#42 /var/www/html/ethersmine/web/vendor/laravel/framework/src/Illuminate/Pipeline/Pipeline.php(104): Illuminate\Routing\Pipeline->Illuminate\Routing\{closure}(Object(Illuminate\Http\Request))
#43 /var/www/html/ethersmine/web/vendor/laravel/framework/src/Illuminate/Routing/Router.php(644): Illuminate\Pipeline\Pipeline->then(Object(Closure))
#44 /var/www/html/ethersmine/web/vendor/laravel/framework/src/Illuminate/Routing/Router.php(618): Illuminate\Routing\Router->runRouteWithinStack(Object(Illuminate\Routing\Route), Object(Illuminate\Http\Request))
#45 /var/www/html/ethersmine/web/vendor/laravel/framework/src/Illuminate/Routing/Router.php(596): Illuminate\Routing\Router->dispatchToRoute(Object(Illuminate\Http\Request))
#46 /var/www/html/ethersmine/web/vendor/laravel/framework/src/Illuminate/Foundation/Http/Kernel.php(267): Illuminate\Routing\Router->dispatch(Object(Illuminate\Http\Request))
#47 /var/www/html/ethersmine/web/vendor/laravel/framework/src/Illuminate/Routing/Pipeline.php(53): Illuminate\Foundation\Http\Kernel->Illuminate\Foundation\Http\{closure}(Object(Illuminate\Http\Request))
#48 /var/www/html/ethersmine/web/vendor/barryvdh/laravel-debugbar/src/Middleware/Debugbar.php(51): Illuminate\Routing\Pipeline->Illuminate\Routing\{closure}(Object(Illuminate\Http\Request))
#49 /var/www/html/ethersmine/web/vendor/laravel/framework/src/Illuminate/Pipeline/Pipeline.php(137): Barryvdh\Debugbar\Middleware\Debugbar->handle(Object(Illuminate\Http\Request), Object(Closure))
#50 /var/www/html/ethersmine/web/vendor/laravel/framework/src/Illuminate/Routing/Pipeline.php(33): Illuminate\Pipeline\Pipeline->Illuminate\Pipeline\{closure}(Object(Illuminate\Http\Request))
#51 /var/www/html/ethersmine/web/vendor/laravel/framework/src/Illuminate/Foundation/Http/Middleware/CheckForMaintenanceMode.php(46): Illuminate\Routing\Pipeline->Illuminate\Routing\{closure}(Object(Illuminate\Http\Request))
#52 /var/www/html/ethersmine/web/vendor/laravel/framework/src/Illuminate/Pipeline/Pipeline.php(137): Illuminate\Foundation\Http\Middleware\CheckForMaintenanceMode->handle(Object(Illuminate\Http\Request), Object(Closure))
#53 /var/www/html/ethersmine/web/vendor/laravel/framework/src/Illuminate/Routing/Pipeline.php(33): Illuminate\Pipeline\Pipeline->Illuminate\Pipeline\{closure}(Object(Illuminate\Http\Request))
#54 /var/www/html/ethersmine/web/vendor/laravel/framework/src/Illuminate/Pipeline/Pipeline.php(104): Illuminate\Routing\Pipeline->Illuminate\Routing\{closure}(Object(Illuminate\Http\Request))
#55 /var/www/html/ethersmine/web/vendor/laravel/framework/src/Illuminate/Foundation/Http/Kernel.php(149): Illuminate\Pipeline\Pipeline->then(Object(Closure))
#56 /var/www/html/ethersmine/web/vendor/laravel/framework/src/Illuminate/Foundation/Http/Kernel.php(116): Illuminate\Foundation\Http\Kernel->sendRequestThroughRouter(Object(Illuminate\Http\Request))
#57 /var/www/html/ethersmine/web/public/index.php(53): Illuminate\Foundation\Http\Kernel->handle(Object(Illuminate\Http\Request))
#58 {main}  
